<?xml version="1.0" encoding="UTF-8"?>
<!-- Generated by org.testng.reporters.JUnitReportReporter -->
<testsuite hostname="DESKTOP-V2ONJQQ" failures="0" tests="1" name="APITests.ZAPSecurityTest" time="17.265" errors="0" timestamp="2023-04-05T23:30:31 IST" skipped="0">
  <testcase classname="APITests.ZAPSecurityTest" name="amazonSecurityTest" time="17.265"/>
  <system-out/>
</testsuite> <!-- APITests.ZAPSecurityTest -->
